<?xml version="1.0" encoding="UTF-8" ?>
<testsuite tests="5" failures="0" name="edu.kis.vh.nursery.RhymersJUnitTest" time="0" errors="0" skipped="0">
  <properties>
[...]
</properties>
  <testcase classname="edu.kis.vh.nursery.RhymersJUnitTest" name="testCallCheck" time="0"/>
  <testcase classname="edu.kis.vh.nursery.RhymersJUnitTest" name="testCountOut" time="0"/>
  <testcase classname="edu.kis.vh.nursery.RhymersJUnitTest" name="testCountIn" time="0"/>
  <testcase classname="edu.kis.vh.nursery.RhymersJUnitTest" name="testPeekaboo" time="0"/>
  <testcase classname="edu.kis.vh.nursery.RhymersJUnitTest" name="testIsFull" time="0"/>
</testsuite>